<?xml version="1.0" encoding="UTF-8"?>
<coverage generated="1594981619654" clover="3.2.0">
  <project timestamp="1594981619654" name="All files">
    <metrics statements="11" coveredstatements="11" conditionals="0" coveredconditionals="0" methods="6" coveredmethods="6" elements="17" coveredelements="17" complexity="0" loc="11" ncloc="11" packages="1" files="1" classes="1"/>
    <file name="DropMenu.js" path="/home/thomas/Documents/blog/blog_frontend/src/components/header/DropMenu.js">
      <metrics statements="11" coveredstatements="11" conditionals="0" coveredconditionals="0" methods="6" coveredmethods="6"/>
      <line num="8" count="3" type="stmt"/>
      <line num="30" count="3" type="stmt"/>
      <line num="31" count="8" type="stmt"/>
      <line num="33" count="8" type="stmt"/>
      <line num="35" count="8" type="stmt"/>
      <line num="36" count="2" type="stmt"/>
      <line num="39" count="8" type="stmt"/>
      <line num="40" count="2" type="stmt"/>
      <line num="43" count="8" type="stmt"/>
      <line num="69" count="4" type="stmt"/>
      <line num="70" count="12" type="stmt"/>
    </file>
  </project>
</coverage>
