{"/home/thomas/Documents/blog/blog_frontend/src/components/header/MobileMenu.js": {"path":"/home/thomas/Documents/blog/blog_frontend/src/components/header/MobileMenu.js","statementMap":{"0":{"start":{"line":7,"column":18},"end":{"line":27,"column":3}},"1":{"start":{"line":7,"column":41},"end":{"line":27,"column":1}},"2":{"start":{"line":29,"column":19},"end":{"line":79,"column":1}},"3":{"start":{"line":30,"column":18},"end":{"line":30,"column":29}},"4":{"start":{"line":32,"column":34},"end":{"line":32,"column":48}},"5":{"start":{"line":34,"column":22},"end":{"line":36,"column":3}},"6":{"start":{"line":35,"column":4},"end":{"line":35,"column":37}},"7":{"start":{"line":38,"column":22},"end":{"line":40,"column":3}},"8":{"start":{"line":39,"column":4},"end":{"line":39,"column":22}},"9":{"start":{"line":42,"column":2},"end":{"line":78,"column":4}}},"fnMap":{"0":{"name":"(anonymous_0)","decl":{"start":{"line":7,"column":29},"end":{"line":7,"column":30}},"loc":{"start":{"line":7,"column":41},"end":{"line":27,"column":1}},"line":7},"1":{"name":"(anonymous_1)","decl":{"start":{"line":29,"column":19},"end":{"line":29,"column":20}},"loc":{"start":{"line":29,"column":25},"end":{"line":79,"column":1}},"line":29},"2":{"name":"(anonymous_2)","decl":{"start":{"line":34,"column":22},"end":{"line":34,"column":23}},"loc":{"start":{"line":34,"column":33},"end":{"line":36,"column":3}},"line":34},"3":{"name":"(anonymous_3)","decl":{"start":{"line":38,"column":22},"end":{"line":38,"column":23}},"loc":{"start":{"line":38,"column":28},"end":{"line":40,"column":3}},"line":38}},"branchMap":{},"s":{"0":3,"1":2,"2":3,"3":4,"4":4,"5":4,"6":1,"7":4,"8":1,"9":4},"f":{"0":2,"1":4,"2":1,"3":1},"b":{},"_coverageSchema":"43e27e138ebf9cfc5966b082cf9a028302ed4184","hash":"ee16a07c96274c7d6421c7f717e3dc16874520e5"}
,"/home/thomas/Documents/blog/blog_frontend/src/components/header/NavBar.js": {"path":"/home/thomas/Documents/blog/blog_frontend/src/components/header/NavBar.js","statementMap":{"0":{"start":{"line":16,"column":18},"end":{"line":58,"column":3}},"1":{"start":{"line":16,"column":41},"end":{"line":58,"column":1}},"2":{"start":{"line":60,"column":15},"end":{"line":111,"column":1}},"3":{"start":{"line":61,"column":18},"end":{"line":61,"column":29}},"4":{"start":{"line":62,"column":27},"end":{"line":62,"column":44}},"5":{"start":{"line":63,"column":16},"end":{"line":63,"column":26}},"6":{"start":{"line":65,"column":22},"end":{"line":65,"column":64}},"7":{"start":{"line":67,"column":2},"end":{"line":110,"column":4}}},"fnMap":{"0":{"name":"(anonymous_0)","decl":{"start":{"line":16,"column":29},"end":{"line":16,"column":30}},"loc":{"start":{"line":16,"column":41},"end":{"line":58,"column":1}},"line":16},"1":{"name":"(anonymous_1)","decl":{"start":{"line":60,"column":15},"end":{"line":60,"column":16}},"loc":{"start":{"line":60,"column":21},"end":{"line":111,"column":1}},"line":60}},"branchMap":{"0":{"loc":{"start":{"line":77,"column":13},"end":{"line":105,"column":13}},"type":"cond-expr","locations":[{"start":{"line":78,"column":14},"end":{"line":80,"column":19}},{"start":{"line":82,"column":14},"end":{"line":104,"column":17}}],"line":77}},"s":{"0":2,"1":1,"2":2,"3":1,"4":1,"5":1,"6":1,"7":1},"f":{"0":1,"1":1},"b":{"0":[0,1]},"_coverageSchema":"43e27e138ebf9cfc5966b082cf9a028302ed4184","hash":"b28964bde328af33d52d62367ac0344f96098391"}
,"/home/thomas/Documents/blog/blog_frontend/src/components/section/Intro.js": {"path":"/home/thomas/Documents/blog/blog_frontend/src/components/section/Intro.js","statementMap":{"0":{"start":{"line":4,"column":24},"end":{"line":4,"column":27}},"1":{"start":{"line":6,"column":18},"end":{"line":47,"column":3}},"2":{"start":{"line":6,"column":41},"end":{"line":47,"column":1}},"3":{"start":{"line":49,"column":14},"end":{"line":75,"column":1}},"4":{"start":{"line":51,"column":18},"end":{"line":51,"column":29}},"5":{"start":{"line":53,"column":4},"end":{"line":55,"column":56}},"6":{"start":{"line":57,"column":2},"end":{"line":74,"column":4}}},"fnMap":{"0":{"name":"(anonymous_0)","decl":{"start":{"line":6,"column":29},"end":{"line":6,"column":30}},"loc":{"start":{"line":6,"column":41},"end":{"line":47,"column":1}},"line":6},"1":{"name":"(anonymous_1)","decl":{"start":{"line":49,"column":14},"end":{"line":49,"column":15}},"loc":{"start":{"line":49,"column":49},"end":{"line":75,"column":1}},"line":49}},"branchMap":{"0":{"loc":{"start":{"line":53,"column":4},"end":{"line":55,"column":56}},"type":"cond-expr","locations":[{"start":{"line":54,"column":8},"end":{"line":54,"column":20}},{"start":{"line":55,"column":8},"end":{"line":55,"column":56}}],"line":53}},"s":{"0":3,"1":3,"2":3,"3":3,"4":3,"5":3,"6":3},"f":{"0":3,"1":3},"b":{"0":[3,0]},"_coverageSchema":"43e27e138ebf9cfc5966b082cf9a028302ed4184","hash":"ca6df3e347c1af349a3b85c330ec500dd2fdde6d"}
,"/home/thomas/Documents/blog/blog_frontend/src/components/section/Section.js": {"path":"/home/thomas/Documents/blog/blog_frontend/src/components/section/Section.js","statementMap":{"0":{"start":{"line":10,"column":16},"end":{"line":41,"column":1}},"1":{"start":{"line":11,"column":27},"end":{"line":11,"column":44}},"2":{"start":{"line":12,"column":15},"end":{"line":12,"column":26}},"3":{"start":{"line":13,"column":2},"end":{"line":40,"column":4}},"4":{"start":{"line":17,"column":10},"end":{"line":36,"column":12}}},"fnMap":{"0":{"name":"(anonymous_0)","decl":{"start":{"line":10,"column":16},"end":{"line":10,"column":17}},"loc":{"start":{"line":10,"column":42},"end":{"line":41,"column":1}},"line":10},"1":{"name":"(anonymous_1)","decl":{"start":{"line":16,"column":9},"end":{"line":16,"column":10}},"loc":{"start":{"line":16,"column":23},"end":{"line":37,"column":9}},"line":16}},"branchMap":{"0":{"loc":{"start":{"line":15,"column":31},"end":{"line":15,"column":47}},"type":"cond-expr","locations":[{"start":{"line":15,"column":38},"end":{"line":15,"column":40}},{"start":{"line":15,"column":43},"end":{"line":15,"column":47}}],"line":15},"1":{"loc":{"start":{"line":19,"column":15},"end":{"line":27,"column":15}},"type":"cond-expr","locations":[{"start":{"line":20,"column":16},"end":{"line":24,"column":18}},{"start":{"line":26,"column":16},"end":{"line":26,"column":18}}],"line":19},"2":{"loc":{"start":{"line":30,"column":18},"end":{"line":32,"column":37}},"type":"cond-expr","locations":[{"start":{"line":31,"column":22},"end":{"line":31,"column":46}},{"start":{"line":32,"column":22},"end":{"line":32,"column":37}}],"line":30}},"s":{"0":2,"1":5,"2":5,"3":5,"4":5},"f":{"0":5,"1":5},"b":{"0":[2,3],"1":[2,3],"2":[2,3]},"_coverageSchema":"43e27e138ebf9cfc5966b082cf9a028302ed4184","hash":"a931862449798e66ab520083967a9f976ed7a1d0"}
,"/home/thomas/Documents/blog/blog_frontend/src/queries/author/articles.js": {"path":"/home/thomas/Documents/blog/blog_frontend/src/queries/author/articles.js","statementMap":{"0":{"start":{"line":3,"column":30},"end":{"line":25,"column":1}}},"fnMap":{},"branchMap":{},"s":{"0":2},"f":{},"b":{},"_coverageSchema":"43e27e138ebf9cfc5966b082cf9a028302ed4184","hash":"82c7795b013e61f21bd8411846b4c139f03e4873"}
,"/home/thomas/Documents/blog/blog_frontend/src/queries/category/articles.js": {"path":"/home/thomas/Documents/blog/blog_frontend/src/queries/category/articles.js","statementMap":{"0":{"start":{"line":3,"column":32},"end":{"line":25,"column":1}}},"fnMap":{},"branchMap":{},"s":{"0":2},"f":{},"b":{},"_coverageSchema":"43e27e138ebf9cfc5966b082cf9a028302ed4184","hash":"f8036ef942cc451dc779c9a2f4dd4c9a90b1070a"}
}
