{"/home/thomas/Documents/blog/blog_frontend/src/components/header/DropMenu.js": {"path":"/home/thomas/Documents/blog/blog_frontend/src/components/header/DropMenu.js","statementMap":{"0":{"start":{"line":8,"column":18},"end":{"line":28,"column":3}},"1":{"start":{"line":8,"column":41},"end":{"line":28,"column":1}},"2":{"start":{"line":30,"column":17},"end":{"line":87,"column":1}},"3":{"start":{"line":31,"column":18},"end":{"line":31,"column":29}},"4":{"start":{"line":33,"column":34},"end":{"line":33,"column":48}},"5":{"start":{"line":35,"column":22},"end":{"line":37,"column":3}},"6":{"start":{"line":36,"column":4},"end":{"line":36,"column":37}},"7":{"start":{"line":39,"column":22},"end":{"line":41,"column":3}},"8":{"start":{"line":40,"column":4},"end":{"line":40,"column":22}},"9":{"start":{"line":43,"column":2},"end":{"line":86,"column":4}},"10":{"start":{"line":69,"column":12},"end":{"line":81,"column":15}},"11":{"start":{"line":70,"column":14},"end":{"line":80,"column":16}}},"fnMap":{"0":{"name":"(anonymous_0)","decl":{"start":{"line":8,"column":29},"end":{"line":8,"column":30}},"loc":{"start":{"line":8,"column":41},"end":{"line":28,"column":1}},"line":8},"1":{"name":"(anonymous_1)","decl":{"start":{"line":30,"column":17},"end":{"line":30,"column":18}},"loc":{"start":{"line":30,"column":54},"end":{"line":87,"column":1}},"line":30},"2":{"name":"(anonymous_2)","decl":{"start":{"line":35,"column":22},"end":{"line":35,"column":23}},"loc":{"start":{"line":35,"column":33},"end":{"line":37,"column":3}},"line":35},"3":{"name":"(anonymous_3)","decl":{"start":{"line":39,"column":22},"end":{"line":39,"column":23}},"loc":{"start":{"line":39,"column":28},"end":{"line":41,"column":3}},"line":39},"4":{"name":"(anonymous_4)","decl":{"start":{"line":68,"column":11},"end":{"line":68,"column":12}},"loc":{"start":{"line":68,"column":25},"end":{"line":82,"column":11}},"line":68},"5":{"name":"(anonymous_5)","decl":{"start":{"line":69,"column":39},"end":{"line":69,"column":40}},"loc":{"start":{"line":69,"column":55},"end":{"line":81,"column":13}},"line":69}},"branchMap":{},"s":{"0":3,"1":3,"2":3,"3":8,"4":8,"5":8,"6":2,"7":8,"8":2,"9":8,"10":4,"11":12},"f":{"0":3,"1":8,"2":2,"3":2,"4":4,"5":12},"b":{},"_coverageSchema":"43e27e138ebf9cfc5966b082cf9a028302ed4184","hash":"d26e94f1a4bbbcde4513f69b828720cde4011eb9"}
}
