TN:
SF:/home/thomas/Documents/blog/blog_frontend/src/components/header/DropMenu.js
FN:8,(anonymous_0)
FN:30,(anonymous_1)
FN:35,(anonymous_2)
FN:39,(anonymous_3)
FN:68,(anonymous_4)
FN:69,(anonymous_5)
FNF:6
FNH:6
FNDA:3,(anonymous_0)
FNDA:8,(anonymous_1)
FNDA:2,(anonymous_2)
FNDA:2,(anonymous_3)
FNDA:4,(anonymous_4)
FNDA:12,(anonymous_5)
DA:8,3
DA:30,3
DA:31,8
DA:33,8
DA:35,8
DA:36,2
DA:39,8
DA:40,2
DA:43,8
DA:69,4
DA:70,12
LF:11
LH:11
BRF:0
BRH:0
end_of_record
TN:
SF:/home/thomas/Documents/blog/blog_frontend/src/components/header/MobileMenu.js
FN:7,(anonymous_0)
FN:31,(anonymous_1)
FN:36,(anonymous_2)
FN:40,(anonymous_3)
FNF:4
FNH:4
FNDA:1,(anonymous_0)
FNDA:3,(anonymous_1)
FNDA:1,(anonymous_2)
FNDA:1,(anonymous_3)
DA:7,3
DA:31,3
DA:32,3
DA:34,3
DA:36,3
DA:37,1
DA:40,3
DA:41,1
DA:44,3
LF:9
LH:9
BRF:0
BRH:0
end_of_record
TN:
SF:/home/thomas/Documents/blog/blog_frontend/src/components/header/NavBar.js
FN:16,(anonymous_0)
FN:65,(anonymous_1)
FNF:2
FNH:2
FNDA:1,(anonymous_0)
FNDA:1,(anonymous_1)
DA:16,2
DA:65,2
DA:66,1
DA:67,1
DA:68,1
DA:70,1
DA:71,1
LF:7
LH:7
BRDA:87,0,0,0
BRDA:87,0,1,1
BRF:2
BRH:1
end_of_record
TN:
SF:/home/thomas/Documents/blog/blog_frontend/src/components/section/Intro.js
FN:8,(anonymous_0)
FN:58,(anonymous_1)
FNF:2
FNH:2
FNDA:3,(anonymous_0)
FNDA:3,(anonymous_1)
DA:6,3
DA:8,3
DA:58,3
DA:59,3
DA:60,3
DA:62,3
DA:66,3
LF:7
LH:7
BRDA:62,0,0,3
BRDA:62,0,1,0
BRF:2
BRH:1
end_of_record
TN:
SF:/home/thomas/Documents/blog/blog_frontend/src/utils/data.js
FNF:0
FNH:0
DA:1,4
LF:1
LH:1
BRF:0
BRH:0
end_of_record
