TN:
SF:/home/thomas/Documents/blog/blog_frontend/src/components/header/MobileMenu.js
FN:7,(anonymous_0)
FN:29,(anonymous_1)
FN:34,(anonymous_2)
FN:38,(anonymous_3)
FNF:4
FNH:4
FNDA:2,(anonymous_0)
FNDA:4,(anonymous_1)
FNDA:1,(anonymous_2)
FNDA:1,(anonymous_3)
DA:7,3
DA:29,3
DA:30,4
DA:32,4
DA:34,4
DA:35,1
DA:38,4
DA:39,1
DA:42,4
LF:9
LH:9
BRF:0
BRH:0
end_of_record
TN:
SF:/home/thomas/Documents/blog/blog_frontend/src/components/header/NavBar.js
FN:16,(anonymous_0)
FN:60,(anonymous_1)
FNF:2
FNH:2
FNDA:1,(anonymous_0)
FNDA:1,(anonymous_1)
DA:16,2
DA:60,2
DA:61,1
DA:62,1
DA:63,1
DA:65,1
DA:67,1
LF:7
LH:7
BRDA:77,0,0,0
BRDA:77,0,1,1
BRF:2
BRH:1
end_of_record
TN:
SF:/home/thomas/Documents/blog/blog_frontend/src/components/section/Intro.js
FN:6,(anonymous_0)
FN:49,(anonymous_1)
FNF:2
FNH:2
FNDA:3,(anonymous_0)
FNDA:3,(anonymous_1)
DA:4,3
DA:6,3
DA:49,3
DA:51,3
DA:53,3
DA:57,3
LF:6
LH:6
BRDA:53,0,0,3
BRDA:53,0,1,0
BRF:2
BRH:1
end_of_record
TN:
SF:/home/thomas/Documents/blog/blog_frontend/src/components/section/Section.js
FN:10,(anonymous_0)
FN:16,(anonymous_1)
FNF:2
FNH:2
FNDA:5,(anonymous_0)
FNDA:5,(anonymous_1)
DA:10,2
DA:11,5
DA:12,5
DA:13,5
DA:17,5
LF:5
LH:5
BRDA:15,0,0,2
BRDA:15,0,1,3
BRDA:19,1,0,2
BRDA:19,1,1,3
BRDA:30,2,0,2
BRDA:30,2,1,3
BRF:6
BRH:6
end_of_record
TN:
SF:/home/thomas/Documents/blog/blog_frontend/src/queries/author/articles.js
FNF:0
FNH:0
DA:3,2
LF:1
LH:1
BRF:0
BRH:0
end_of_record
TN:
SF:/home/thomas/Documents/blog/blog_frontend/src/queries/category/articles.js
FNF:0
FNH:0
DA:3,2
LF:1
LH:1
BRF:0
BRH:0
end_of_record
